<?xml version="1.0" encoding="UTF-8"?>
<testng-results ignored="1" total="4" passed="3" failed="0" skipped="0">
  <reporter-output>
  </reporter-output>
  <suite started-at="2024-10-26T01:25:58 IST" name="IVIS Automation test suite" finished-at="2024-10-26T01:26:12 IST" duration-ms="13798">
    <groups>
    </groups>
    <test started-at="2024-10-26T01:25:58 IST" name="chromeWindowsLocal1" finished-at="2024-10-26T01:26:12 IST" duration-ms="13798">
      <class name="com.ivis.iportal.script.TC_ConfigCamera">
        <test-method is-config="true" signature="beforeSuite(org.testng.ITestContext)[pri:0, instance:com.ivis.iportal.script.TC_ConfigCamera@1dd92fe2]" started-at="2024-10-26T01:25:58 IST" name="beforeSuite" finished-at="2024-10-26T01:25:58 IST" duration-ms="404" status="PASS">
          <params>
            <param index="0">
              <value>
                <![CDATA[org.testng.TestRunner@76d05cc9]]>
              </value>
            </param>
          </params>
          <reporter-output>
          </reporter-output>
        </test-method> <!-- beforeSuite -->
        <test-method is-config="true" signature="beforeClass(java.lang.String,java.lang.String,java.lang.String,java.lang.String)[pri:0, instance:com.ivis.iportal.script.TC_ConfigCamera@1dd92fe2]" started-at="2024-10-26T01:26:01 IST" name="beforeClass" finished-at="2024-10-26T01:26:07 IST" duration-ms="6210" status="PASS">
          <params>
            <param index="0">
              <value>
                <![CDATA[chrome]]>
              </value>
            </param>
            <param index="1">
              <value>
                <![CDATA[46.0]]>
              </value>
            </param>
            <param index="2">
              <value>
                <![CDATA[local]]>
              </value>
            </param>
            <param index="3">
              <value>
                <![CDATA[Windows 10]]>
              </value>
            </param>
          </params>
          <reporter-output>
          </reporter-output>
        </test-method> <!-- beforeClass -->
        <test-method is-config="true" signature="beforeClass(java.lang.String,java.lang.String,java.lang.String,java.lang.String)[pri:0, instance:com.ivis.iportal.script.TC_ConfigCamera@1dd92fe2]" started-at="2024-10-26T01:26:01 IST" name="beforeClass" finished-at="2024-10-26T01:26:07 IST" duration-ms="6349" status="PASS">
          <params>
            <param index="0">
              <value>
                <![CDATA[chrome]]>
              </value>
            </param>
            <param index="1">
              <value>
                <![CDATA[46.0]]>
              </value>
            </param>
            <param index="2">
              <value>
                <![CDATA[local]]>
              </value>
            </param>
            <param index="3">
              <value>
                <![CDATA[Windows 10]]>
              </value>
            </param>
          </params>
          <reporter-output>
          </reporter-output>
        </test-method> <!-- beforeClass -->
        <test-method is-config="true" signature="beforeClass(java.lang.String,java.lang.String,java.lang.String,java.lang.String)[pri:0, instance:com.ivis.iportal.script.TC_ConfigCamera@1dd92fe2]" started-at="2024-10-26T01:26:01 IST" name="beforeClass" finished-at="2024-10-26T01:26:07 IST" duration-ms="6379" status="PASS">
          <params>
            <param index="0">
              <value>
                <![CDATA[chrome]]>
              </value>
            </param>
            <param index="1">
              <value>
                <![CDATA[46.0]]>
              </value>
            </param>
            <param index="2">
              <value>
                <![CDATA[local]]>
              </value>
            </param>
            <param index="3">
              <value>
                <![CDATA[Windows 10]]>
              </value>
            </param>
          </params>
          <reporter-output>
          </reporter-output>
        </test-method> <!-- beforeClass -->
        <test-method signature="iportalLoginValidation(java.lang.String,java.lang.String,java.lang.String,java.lang.String,java.lang.String)[pri:0, instance:com.ivis.iportal.script.TC_ConfigCamera@1dd92fe2]" started-at="2024-10-26T01:26:07 IST" name="iportalLoginValidation" data-provider="loginValidation" finished-at="2024-10-26T01:26:07 IST" duration-ms="8" status="PASS">
          <params>
            <param index="0">
              <value>
                <![CDATA[]]>
              </value>
            </param>
            <param index="1">
              <value>
                <![CDATA[]]>
              </value>
            </param>
            <param index="2">
              <value>
                <![CDATA[]]>
              </value>
            </param>
            <param index="3">
              <value>
                <![CDATA[]]>
              </value>
            </param>
            <param index="4">
              <value>
                <![CDATA[]]>
              </value>
            </param>
          </params>
          <reporter-output>
          </reporter-output>
        </test-method> <!-- iportalLoginValidation -->
        <test-method is-config="true" signature="afterClass()[pri:0, instance:com.ivis.iportal.script.TC_ConfigCamera@1dd92fe2]" started-at="2024-10-26T01:26:07 IST" name="afterClass" finished-at="2024-10-26T01:26:09 IST" duration-ms="1998" status="PASS">
          <reporter-output>
          </reporter-output>
        </test-method> <!-- afterClass -->
        <test-method signature="iportalLoginValidation(java.lang.String,java.lang.String,java.lang.String,java.lang.String,java.lang.String)[pri:0, instance:com.ivis.iportal.script.TC_ConfigCamera@1dd92fe2]" started-at="2024-10-26T01:26:07 IST" name="iportalLoginValidation" data-provider="loginValidation" finished-at="2024-10-26T01:26:12 IST" duration-ms="5109" status="PASS">
          <params>
            <param index="0">
              <value>
                <![CDATA[https://uat1.iviscloud.net/]]>
              </value>
            </param>
            <param index="1">
              <value>
                <![CDATA[yes]]>
              </value>
            </param>
            <param index="2">
              <value>
                <![CDATA[sudhir.i]]>
              </value>
            </param>
            <param index="3">
              <value>
                <![CDATA[Ivis@123]]>
              </value>
            </param>
            <param index="4">
              <value>
                <![CDATA[Ivis@12345]]>
              </value>
            </param>
          </params>
          <reporter-output>
          </reporter-output>
        </test-method> <!-- iportalLoginValidation -->
        <test-method signature="iportalLoginValidation(java.lang.String,java.lang.String,java.lang.String,java.lang.String,java.lang.String)[pri:0, instance:com.ivis.iportal.script.TC_ConfigCamera@1dd92fe2]" started-at="2024-10-26T01:26:07 IST" name="iportalLoginValidation" data-provider="loginValidation" finished-at="2024-10-26T01:26:07 IST" duration-ms="0" status="PASS">
          <params>
            <param index="0">
              <value>
                <![CDATA[]]>
              </value>
            </param>
            <param index="1">
              <value>
                <![CDATA[]]>
              </value>
            </param>
            <param index="2">
              <value>
                <![CDATA[]]>
              </value>
            </param>
            <param index="3">
              <value>
                <![CDATA[]]>
              </value>
            </param>
            <param index="4">
              <value>
                <![CDATA[]]>
              </value>
            </param>
          </params>
          <reporter-output>
          </reporter-output>
        </test-method> <!-- iportalLoginValidation -->
        <test-method is-config="true" signature="afterClass()[pri:0, instance:com.ivis.iportal.script.TC_ConfigCamera@1dd92fe2]" started-at="2024-10-26T01:26:07 IST" name="afterClass" finished-at="2024-10-26T01:26:09 IST" duration-ms="1639" status="PASS">
          <reporter-output>
          </reporter-output>
        </test-method> <!-- afterClass -->
        <test-method is-config="true" signature="afterClass()[pri:0, instance:com.ivis.iportal.script.TC_ConfigCamera@1dd92fe2]" started-at="2024-10-26T01:26:12 IST" name="afterClass" finished-at="2024-10-26T01:26:12 IST" duration-ms="146" status="PASS">
          <reporter-output>
          </reporter-output>
        </test-method> <!-- afterClass -->
        <test-method is-config="true" signature="afterSuite()[pri:0, instance:com.ivis.iportal.script.TC_ConfigCamera@1dd92fe2]" started-at="2024-10-26T01:26:12 IST" name="afterSuite" finished-at="2024-10-26T01:26:17 IST" duration-ms="5151" status="PASS">
          <reporter-output>
          </reporter-output>
        </test-method> <!-- afterSuite -->
      </class> <!-- com.ivis.iportal.script.TC_ConfigCamera -->
    </test> <!-- chromeWindowsLocal1 -->
  </suite> <!-- IVIS Automation test suite -->
</testng-results>
