<?xml version="1.0" encoding="UTF-8"?>
<testng-results ignored="1" total="4" passed="3" failed="0" skipped="0">
  <reporter-output>
  </reporter-output>
  <suite started-at="2024-10-23T16:40:40 IST" name="IVIS Automation test suite" finished-at="2024-10-23T16:40:46 IST" duration-ms="5860">
    <groups>
    </groups>
    <test started-at="2024-10-23T16:40:40 IST" name="chromeWindowsLocal1" finished-at="2024-10-23T16:40:46 IST" duration-ms="5860">
      <class name="com.ivis.iportal.script.TC_ConfigCamera">
        <test-method is-config="true" signature="beforeSuite(org.testng.ITestContext)[pri:0, instance:com.ivis.iportal.script.TC_ConfigCamera@64d2d351]" started-at="2024-10-23T16:40:39 IST" name="beforeSuite" finished-at="2024-10-23T16:40:40 IST" duration-ms="200" status="PASS">
          <params>
            <param index="0">
              <value>
                <![CDATA[org.testng.TestRunner@1a3e5f23]]>
              </value>
            </param>
          </params>
          <reporter-output>
          </reporter-output>
        </test-method> <!-- beforeSuite -->
        <test-method is-config="true" signature="beforeClass(java.lang.String,java.lang.String,java.lang.String,java.lang.String)[pri:0, instance:com.ivis.iportal.script.TC_ConfigCamera@64d2d351]" started-at="2024-10-23T16:40:41 IST" name="beforeClass" finished-at="2024-10-23T16:40:43 IST" duration-ms="2522" status="PASS">
          <params>
            <param index="0">
              <value>
                <![CDATA[chrome]]>
              </value>
            </param>
            <param index="1">
              <value>
                <![CDATA[46.0]]>
              </value>
            </param>
            <param index="2">
              <value>
                <![CDATA[local]]>
              </value>
            </param>
            <param index="3">
              <value>
                <![CDATA[Windows 10]]>
              </value>
            </param>
          </params>
          <reporter-output>
          </reporter-output>
        </test-method> <!-- beforeClass -->
        <test-method is-config="true" signature="beforeClass(java.lang.String,java.lang.String,java.lang.String,java.lang.String)[pri:0, instance:com.ivis.iportal.script.TC_ConfigCamera@64d2d351]" started-at="2024-10-23T16:40:41 IST" name="beforeClass" finished-at="2024-10-23T16:40:43 IST" duration-ms="2522" status="PASS">
          <params>
            <param index="0">
              <value>
                <![CDATA[chrome]]>
              </value>
            </param>
            <param index="1">
              <value>
                <![CDATA[46.0]]>
              </value>
            </param>
            <param index="2">
              <value>
                <![CDATA[local]]>
              </value>
            </param>
            <param index="3">
              <value>
                <![CDATA[Windows 10]]>
              </value>
            </param>
          </params>
          <reporter-output>
          </reporter-output>
        </test-method> <!-- beforeClass -->
        <test-method is-config="true" signature="beforeClass(java.lang.String,java.lang.String,java.lang.String,java.lang.String)[pri:0, instance:com.ivis.iportal.script.TC_ConfigCamera@64d2d351]" started-at="2024-10-23T16:40:41 IST" name="beforeClass" finished-at="2024-10-23T16:40:43 IST" duration-ms="2522" status="PASS">
          <params>
            <param index="0">
              <value>
                <![CDATA[chrome]]>
              </value>
            </param>
            <param index="1">
              <value>
                <![CDATA[46.0]]>
              </value>
            </param>
            <param index="2">
              <value>
                <![CDATA[local]]>
              </value>
            </param>
            <param index="3">
              <value>
                <![CDATA[Windows 10]]>
              </value>
            </param>
          </params>
          <reporter-output>
          </reporter-output>
        </test-method> <!-- beforeClass -->
        <test-method signature="iportalLoginValidation(java.lang.String,java.lang.String,java.lang.String,java.lang.String)[pri:0, instance:com.ivis.iportal.script.TC_ConfigCamera@64d2d351]" started-at="2024-10-23T16:40:43 IST" name="iportalLoginValidation" data-provider="loginValidation" finished-at="2024-10-23T16:40:43 IST" duration-ms="0" status="PASS">
          <params>
            <param index="0">
              <value>
                <![CDATA[]]>
              </value>
            </param>
            <param index="1">
              <value>
                <![CDATA[]]>
              </value>
            </param>
            <param index="2">
              <value>
                <![CDATA[]]>
              </value>
            </param>
            <param index="3">
              <value>
                <![CDATA[]]>
              </value>
            </param>
          </params>
          <reporter-output>
          </reporter-output>
        </test-method> <!-- iportalLoginValidation -->
        <test-method signature="iportalLoginValidation(java.lang.String,java.lang.String,java.lang.String,java.lang.String)[pri:0, instance:com.ivis.iportal.script.TC_ConfigCamera@64d2d351]" started-at="2024-10-23T16:40:43 IST" name="iportalLoginValidation" data-provider="loginValidation" finished-at="2024-10-23T16:40:43 IST" duration-ms="0" status="PASS">
          <params>
            <param index="0">
              <value>
                <![CDATA[]]>
              </value>
            </param>
            <param index="1">
              <value>
                <![CDATA[]]>
              </value>
            </param>
            <param index="2">
              <value>
                <![CDATA[]]>
              </value>
            </param>
            <param index="3">
              <value>
                <![CDATA[]]>
              </value>
            </param>
          </params>
          <reporter-output>
          </reporter-output>
        </test-method> <!-- iportalLoginValidation -->
        <test-method signature="iportalLoginValidation(java.lang.String,java.lang.String,java.lang.String,java.lang.String)[pri:0, instance:com.ivis.iportal.script.TC_ConfigCamera@64d2d351]" started-at="2024-10-23T16:40:43 IST" name="iportalLoginValidation" data-provider="loginValidation" finished-at="2024-10-23T16:40:45 IST" duration-ms="2314" status="PASS">
          <params>
            <param index="0">
              <value>
                <![CDATA[https://uat1.iviscloud.net/]]>
              </value>
            </param>
            <param index="1">
              <value>
                <![CDATA[yes]]>
              </value>
            </param>
            <param index="2">
              <value>
                <![CDATA[sudhir.i]]>
              </value>
            </param>
            <param index="3">
              <value>
                <![CDATA[Ivis@1234]]>
              </value>
            </param>
          </params>
          <reporter-output>
          </reporter-output>
        </test-method> <!-- iportalLoginValidation -->
        <test-method is-config="true" signature="afterClass()[pri:0, instance:com.ivis.iportal.script.TC_ConfigCamera@64d2d351]" started-at="2024-10-23T16:40:43 IST" name="afterClass" finished-at="2024-10-23T16:40:43 IST" duration-ms="155" status="PASS">
          <reporter-output>
          </reporter-output>
        </test-method> <!-- afterClass -->
        <test-method is-config="true" signature="afterClass()[pri:0, instance:com.ivis.iportal.script.TC_ConfigCamera@64d2d351]" started-at="2024-10-23T16:40:43 IST" name="afterClass" finished-at="2024-10-23T16:40:43 IST" duration-ms="155" status="PASS">
          <reporter-output>
          </reporter-output>
        </test-method> <!-- afterClass -->
        <test-method is-config="true" signature="afterClass()[pri:0, instance:com.ivis.iportal.script.TC_ConfigCamera@64d2d351]" started-at="2024-10-23T16:40:45 IST" name="afterClass" finished-at="2024-10-23T16:40:46 IST" duration-ms="89" status="PASS">
          <reporter-output>
          </reporter-output>
        </test-method> <!-- afterClass -->
        <test-method is-config="true" signature="afterSuite()[pri:0, instance:com.ivis.iportal.script.TC_ConfigCamera@64d2d351]" started-at="2024-10-23T16:40:46 IST" name="afterSuite" finished-at="2024-10-23T16:40:46 IST" duration-ms="322" status="PASS">
          <reporter-output>
          </reporter-output>
        </test-method> <!-- afterSuite -->
      </class> <!-- com.ivis.iportal.script.TC_ConfigCamera -->
    </test> <!-- chromeWindowsLocal1 -->
  </suite> <!-- IVIS Automation test suite -->
</testng-results>
