<?xml version="1.0" encoding="UTF-8"?>
<!-- Generated by org.testng.reporters.JUnitXMLReporter -->
<testsuite ignored="1" hostname="DESKTOP-FL7C0C8" failures="0" tests="3" name="chromeWindowsLocal1" time="9.654" errors="0" timestamp="2024-10-24T17:39:09 IST">
  <testcase classname="com.ivis.iportal.script.TC_ConfigCamera" name="iportalLoginValidation" time="0.004"/>
  <testcase classname="com.ivis.iportal.script.TC_ConfigCamera" name="iportalLoginValidation" time="0.004"/>
  <testcase classname="com.ivis.iportal.script.TC_ConfigCamera" name="iportalLoginValidation" time="6.821"/>
  <testcase classname="com.ivis.iportal.script.TC_ConfigCamera" name="ivisautomationurlexecution" time="0.0">
    <ignored/>
  </testcase> <!-- ivisautomationurlexecution -->
</testsuite> <!-- chromeWindowsLocal1 -->
