<?xml version="1.0" encoding="UTF-8"?>
<!-- Generated by org.testng.reporters.JUnitXMLReporter -->
<testsuite ignored="10" hostname="DESKTOP-FL7C0C8" failures="0" tests="1" name="chromeWindowsLocal" time="158.572" errors="0" timestamp="2023-07-12T17:42:43 IST">
  <testcase classname="com.ivis.iportal.script.TC_ConfigCamera" name="testSetUpPramaConfiguration" time="143.314"/>
  <testcase classname="com.ivis.iportal.script.TC_ConfigCamera" name="ivisDeviceConfiguration" time="0.0">
    <ignored/>
  </testcase> <!-- ivisDeviceConfiguration -->
  <testcase classname="com.ivis.iportal.script.TC_ConfigCamera" name="ivisautomationurlexecution" time="0.0">
    <ignored/>
  </testcase> <!-- ivisautomationurlexecution -->
  <testcase classname="com.ivis.iportal.script.TC_ConfigCamera" name="validationCameraParameters" time="0.0">
    <ignored/>
  </testcase> <!-- validationCameraParameters -->
  <testcase classname="com.ivis.iportal.script.TC_ConfigCamera" name="ivisKernelDeviceStauts" time="0.0">
    <ignored/>
  </testcase> <!-- ivisKernelDeviceStauts -->
  <testcase classname="com.ivis.iportal.script.TC_ConfigCamera" name="ivisSyncUrlExecution" time="0.0">
    <ignored/>
  </testcase> <!-- ivisSyncUrlExecution -->
  <testcase classname="com.ivis.iportal.script.TC_ConfigCamera" name="testSetUpCameraConfiguration" time="0.0">
    <ignored/>
  </testcase> <!-- testSetUpCameraConfiguration -->
  <testcase classname="com.ivis.iportal.script.TC_ConfigCamera" name="ivisKernelDeviceRegistration" time="0.0">
    <ignored/>
  </testcase> <!-- ivisKernelDeviceRegistration -->
  <testcase classname="com.ivis.iportal.script.TC_ConfigCamera" name="ivisSiteManagerTemplateUpload" time="0.0">
    <ignored/>
  </testcase> <!-- ivisSiteManagerTemplateUpload -->
  <testcase classname="com.ivis.iportal.script.TC_ConfigCamera" name="ivisBondingSetUp" time="0.0">
    <ignored/>
  </testcase> <!-- ivisBondingSetUp -->
  <testcase classname="com.ivis.iportal.script.TC_ConfigCamera" name="ivisSiteManagerConfiguration" time="0.0">
    <ignored/>
  </testcase> <!-- ivisSiteManagerConfiguration -->
</testsuite> <!-- chromeWindowsLocal -->
