<?xml version="1.0" encoding="UTF-8"?>
<!-- Generated by org.testng.reporters.JUnitXMLReporter -->
<testsuite ignored="1" hostname="MLI01107" failures="0" tests="3" name="chromeWindowsLocal1" time="13.798" errors="0" timestamp="2024-10-26T01:26:12 IST">
  <testcase classname="com.ivis.iportal.script.TC_ConfigCamera" name="iportalLoginValidation" time="0.008"/>
  <testcase classname="com.ivis.iportal.script.TC_ConfigCamera" name="iportalLoginValidation" time="0.0"/>
  <testcase classname="com.ivis.iportal.script.TC_ConfigCamera" name="iportalLoginValidation" time="5.109"/>
  <testcase classname="com.ivis.iportal.script.TC_ConfigCamera" name="ivisautomationurlexecution" time="0.0">
    <ignored/>
  </testcase> <!-- ivisautomationurlexecution -->
</testsuite> <!-- chromeWindowsLocal1 -->
